<?xml version="1.0" encoding="UTF-8"?>
<testsuite name="model.ProdutoTest" tests="2" skipped="0" failures="0" errors="0" timestamp="2016-01-29T12:15:26" hostname="LApsilva" time="0.001">
  <properties/>
  <testcase name="shouldReturnPriceOfProduct" classname="model.ProdutoTest" time="0.0"/>
  <testcase name="shouldReturnNameOfProduct" classname="model.ProdutoTest" time="0.0"/>
  <system-out><![CDATA[]]></system-out>
  <system-err><![CDATA[]]></system-err>
</testsuite>
