<?xml version="1.0" encoding="UTF-8"?>
<testsuite name="business.InputTest" tests="2" skipped="0" failures="0" errors="0" timestamp="2016-01-29T12:15:26" hostname="LApsilva" time="0.022">
  <properties/>
  <testcase name="testReadFile" classname="business.InputTest" time="0.021"/>
  <testcase name="shouldSplitAListAndReturnAnArrayList" classname="business.InputTest" time="0.0"/>
  <system-out><![CDATA[]]></system-out>
  <system-err><![CDATA[]]></system-err>
</testsuite>
